#
# An unexpected error has been detected by Java Runtime Environment:
#
#  EXCEPTION_ACCESS_VIOLATION (0xc0000005) at pc=0x6da669a2, pid=4852, tid=7748
#
# Java VM: Java HotSpot(TM) Client VM (11.3-b02 mixed mode windows-x86)
# Problematic frame:
# V  [jvm.dll+0x1b69a2]
#
# If you would like to submit a bug report, please visit:
#   http://java.sun.com/webapps/bugreport/crash.jsp
#

---------------  T H R E A D  ---------------

Current thread (0x0aaf1800):  JavaThread "JDWP Transport Listener: dt_socket" daemon [_thread_in_vm, id=7748, stack(0x0ae00000,0x0ae50000)]

siginfo: ExceptionCode=0xc0000005, reading address 0x0000000c

Registers:
EAX=0x00000000, EBX=0x0000000c, ECX=0x0000000c, EDX=0x00000000
ESP=0x0ae4fc4c, EBP=0x6d44e93c, ESI=0x0000000c, EDI=0x00000004
EIP=0x6da669a2, EFLAGS=0x00010202

Top of Stack: (sp=0x0ae4fc4c)
0x0ae4fc4c:   0aaebf88 00000004 6da669e3 0000000c
0x0ae4fc5c:   00000004 6d44e0fc 0aaebf88 6d44e93c
0x0ae4fc6c:   6d44e114 6d97b87d 0000000c 00000004
0x0ae4fc7c:   6d98bc6f 02a1f5f0 6d44e0fc 0aaf1914
0x0ae4fc8c:   6d44e93c 6d44e114 0aaf1800 00000000
0x0ae4fc9c:   6d449b79 0aaf1914 0ae4fce8 0aaf1d58
0x0ae4fcac:   0aaf1d60 0aaf214c 6d4362bd 0aaf1800
0x0ae4fcbc:   0aaf85fc 00000000 0ae4fce8 0ae4fe84 

Instructions: (pc=0x6da669a2)
0x6da66992:   7c 24 0c 33 c0 33 d2 85 ff 7e 2d 56 8b 74 24 0c
0x6da669a2:   66 8b 0c 56 66 83 f9 01 72 09 66 83 f9 7f 77 03 


Stack: [0x0ae00000,0x0ae50000],  sp=0x0ae4fc4c,  free space=319k
Native frames: (J=compiled Java code, j=interpreted, Vv=VM code, C=native code)
V  [jvm.dll+0x1b69a2]


---------------  P R O C E S S  ---------------

Java Threads: ( => current thread )
  0x0ab06400 JavaThread "Low Memory Detector" daemon [_thread_blocked, id=7004, stack(0x0af40000,0x0af90000)]
  0x0aaf8c00 JavaThread "CompilerThread0" daemon [_thread_blocked, id=8168, stack(0x0aef0000,0x0af40000)]
  0x0aaf5800 JavaThread "JDWP Command Reader" daemon [_thread_in_native, id=2200, stack(0x0aea0000,0x0aef0000)]
  0x0aaf4000 JavaThread "JDWP Event Helper Thread" daemon [_thread_blocked, id=6188, stack(0x0ae50000,0x0aea0000)]
=>0x0aaf1800 JavaThread "JDWP Transport Listener: dt_socket" daemon [_thread_in_vm, id=7748, stack(0x0ae00000,0x0ae50000)]
  0x0ab0ec00 JavaThread "Attach Listener" daemon [_thread_blocked, id=2412, stack(0x0acc0000,0x0ad10000)]
  0x0ab0d800 JavaThread "Signal Dispatcher" daemon [_thread_blocked, id=1312, stack(0x0ac70000,0x0acc0000)]
  0x0aad0000 JavaThread "Finalizer" daemon [_thread_blocked, id=1512, stack(0x0ac20000,0x0ac70000)]
  0x0aacb400 JavaThread "Reference Handler" daemon [_thread_blocked, id=7496, stack(0x0abd0000,0x0ac20000)]
  0x00849400 JavaThread "main" [_thread_blocked, id=5192, stack(0x008e0000,0x00930000)]

Other Threads:
  0x0aac7c00 VMThread [stack: 0x0ab80000,0x0abd0000] [id=6428]
  0x0ab07c00 WatcherThread [stack: 0x0af90000,0x0afe0000] [id=2744]

VM state:not at safepoint (normal execution)

VM Mutex/Monitor currently owned by a thread: None

Heap
 def new generation   total 960K, used 307K [0x029e0000, 0x02ae0000, 0x02ec0000)
  eden space 896K,  28% used [0x029e0000, 0x02a1fdf0, 0x02ac0000)
  from space 64K,  80% used [0x02ad0000, 0x02adce78, 0x02ae0000)
  to   space 64K,   0% used [0x02ac0000, 0x02ac0000, 0x02ad0000)
 tenured generation   total 4096K, used 309K [0x02ec0000, 0x032c0000, 0x069e0000)
   the space 4096K,   7% used [0x02ec0000, 0x02f0d680, 0x02f0d800, 0x032c0000)
 compacting perm gen  total 12288K, used 2589K [0x069e0000, 0x075e0000, 0x0a9e0000)
   the space 12288K,  21% used [0x069e0000, 0x06c674e8, 0x06c67600, 0x075e0000)
No shared spaces configured.

Dynamic libraries:
0x00400000 - 0x00424000 	C:\Program Files\Genuitec\Common\binary\com.sun.java.jdk.win32.x86_1.6.0.013\bin\javaw.exe
0x7c920000 - 0x7c9b6000 	C:\WINDOWS\system32\ntdll.dll
0x7c800000 - 0x7c91e000 	C:\WINDOWS\system32\kernel32.dll
0x77da0000 - 0x77e49000 	C:\WINDOWS\system32\ADVAPI32.dll
0x77e50000 - 0x77ee3000 	C:\WINDOWS\system32\RPCRT4.dll
0x77fc0000 - 0x77fd1000 	C:\WINDOWS\system32\Secur32.dll
0x77d10000 - 0x77da0000 	C:\WINDOWS\system32\USER32.dll
0x77ef0000 - 0x77f39000 	C:\WINDOWS\system32\GDI32.dll
0x76300000 - 0x7631d000 	C:\WINDOWS\system32\IMM32.DLL
0x62c20000 - 0x62c29000 	C:\WINDOWS\system32\LPK.DLL
0x73fa0000 - 0x7400b000 	C:\WINDOWS\system32\USP10.dll
0x7c340000 - 0x7c396000 	C:\Program Files\Genuitec\Common\binary\com.sun.java.jdk.win32.x86_1.6.0.013\jre\bin\msvcr71.dll
0x6d8b0000 - 0x6db06000 	C:\Program Files\Genuitec\Common\binary\com.sun.java.jdk.win32.x86_1.6.0.013\jre\bin\client\jvm.dll
0x76b10000 - 0x76b3a000 	C:\WINDOWS\system32\WINMM.dll
0x6d340000 - 0x6d348000 	C:\Program Files\Genuitec\Common\binary\com.sun.java.jdk.win32.x86_1.6.0.013\jre\bin\hpi.dll
0x76bc0000 - 0x76bcb000 	C:\WINDOWS\system32\PSAPI.DLL
0x6d430000 - 0x6d459000 	C:\Program Files\Genuitec\Common\binary\com.sun.java.jdk.win32.x86_1.6.0.013\jre\bin\jdwp.dll
0x6d750000 - 0x6d756000 	C:\Program Files\Genuitec\Common\binary\com.sun.java.jdk.win32.x86_1.6.0.013\jre\bin\npt.dll
0x6d860000 - 0x6d86c000 	C:\Program Files\Genuitec\Common\binary\com.sun.java.jdk.win32.x86_1.6.0.013\jre\bin\verify.dll
0x6d3e0000 - 0x6d3ff000 	C:\Program Files\Genuitec\Common\binary\com.sun.java.jdk.win32.x86_1.6.0.013\jre\bin\java.dll
0x6d8a0000 - 0x6d8af000 	C:\Program Files\Genuitec\Common\binary\com.sun.java.jdk.win32.x86_1.6.0.013\jre\bin\zip.dll
0x6d2b0000 - 0x6d2b7000 	C:\Program Files\Genuitec\Common\binary\com.sun.java.jdk.win32.x86_1.6.0.013\jre\bin\dt_socket.dll
0x71a20000 - 0x71a37000 	C:\WINDOWS\system32\WS2_32.dll
0x77be0000 - 0x77c38000 	C:\WINDOWS\system32\msvcrt.dll
0x71a10000 - 0x71a18000 	C:\WINDOWS\system32\WS2HELP.dll
0x719c0000 - 0x719fe000 	C:\WINDOWS\System32\mswsock.dll
0x76ef0000 - 0x76f17000 	C:\WINDOWS\system32\DNSAPI.dll
0x76d30000 - 0x76d48000 	C:\WINDOWS\system32\iphlpapi.dll
0x76f80000 - 0x76f88000 	C:\WINDOWS\System32\winrnr.dll
0x76f30000 - 0x76f5c000 	C:\WINDOWS\system32\WLDAP32.dll
0x76f90000 - 0x76f96000 	C:\WINDOWS\system32\rasadhlp.dll
0x10000000 - 0x1001f000 	C:\WINDOWS\system32\xunyount.dll
0x77bd0000 - 0x77bd8000 	C:\WINDOWS\system32\VERSION.dll
0x60fd0000 - 0x61025000 	C:\WINDOWS\system32\hnetcfg.dll
0x71a00000 - 0x71a08000 	C:\WINDOWS\System32\wshtcpip.dll

VM Arguments:
jvm_args: -agentlib:jdwp=transport=dt_socket,suspend=y,address=localhost:3288 -Dfile.encoding=GBK -Xbootclasspath/a:C:\Program Files\Genuitec\Common\plugins\com.genuitec.eclipse.j2eedt.core_8.0.0.me200911192043\data\libraryset\1.4\activation.jar;C:\Program Files\Genuitec\Common\plugins\com.genuitec.eclipse.j2eedt.core_8.0.0.me200911192043\data\libraryset\1.4\javax.servlet.jar;C:\Program Files\Genuitec\Common\plugins\com.genuitec.eclipse.j2eedt.core_8.0.0.me200911192043\data\libraryset\1.4\javax.servlet.jsp.jar;C:\Program Files\Genuitec\Common\plugins\com.genuitec.eclipse.j2eedt.core_8.0.0.me200911192043\data\libraryset\1.4\jboss-j2ee.jar;C:\Program Files\Genuitec\Common\plugins\com.genuitec.eclipse.j2eedt.core_8.0.0.me200911192043\data\libraryset\1.4\jboss-jaxrpc.jar;C:\Program Files\Genuitec\Common\plugins\com.genuitec.eclipse.j2eedt.core_8.0.0.me200911192043\data\libraryset\1.4\jboss-jsr77.jar;C:\Program Files\Genuitec\Common\plugins\com.genuitec.eclipse.j2eedt.core_8.0.0.me200911192043\data\libraryset\1.4\jboss-saaj.jar;C:\Program Files\Genuitec\Common\plugins\com.genuitec.eclipse.j2eedt.core_8.0.0.me200911192043\data\libraryset\1.4\mail.jar;C:\Program Files\Genuitec\Common\plugins\com.genuitec.eclipse.j2eedt.core_8.0.0.me200911192043\data\libraryset\1.4\namespace.jar;C:\Program Files\Genuitec\Common\plugins\com.genuitec.eclipse.j2eedt.core_8.0.0.me200911192043\data\libraryset\1.4\xml-apis.jar 
java_command: com.puckasoft.test.Test
Launcher Type: SUN_STANDARD

Environment Variables:
JAVA_HOME=C:\Program Files\Java\jdk1.6.0_17
CLASSPATH=.;C:\Program Files\Java\jdk1.6.0_17\lib
PATH=C:\Program Files\Genuitec\Common\binary\com.sun.java.jdk.win32.x86_1.6.0.013\jre\bin;C:/Program Files/Genuitec/Common/binary/com.sun.java.jdk.win32.x86_1.6.0.013/jre/bin/client;C:/Program Files/Genuitec/Common/binary/com.sun.java.jdk.win32.x86_1.6.0.013/jre/bin;C:\Program Files\Java\jdk1.6.0_17\bin;C:\WINDOWS\system32;C:\WINDOWS;C:\WINDOWS\System32\Wbe;C:\Program Files\Common Files\Thunder Network\KanKan\Codecs;E:\Visual c++\Tools\WinNT;E:\Visual c++\MSDev98\Bin;E:\Visual c++\Tools;E:\VC98\bin
USERNAME=Administrator
OS=Windows_NT
PROCESSOR_IDENTIFIER=x86 Family 6 Model 23 Stepping 10, GenuineIntel



---------------  S Y S T E M  ---------------

OS: Windows XP Build 2600 Service Pack 3

CPU:total 2 (2 cores per cpu, 1 threads per core) family 6 model 7 stepping 10, cmov, cx8, fxsr, mmx, sse, sse2, sse3, ssse3

Memory: 4k page, physical 2096236k(596124k free), swap 4034316k(2436784k free)

vm_info: Java HotSpot(TM) Client VM (11.3-b02) for windows-x86 JRE (1.6.0_13-b03), built on Mar  9 2009 01:15:24 by "java_re" with MS VC++ 7.1

time: Tue Dec 11 01:22:02 2012
elapsed time: 222 seconds

